<?xml version="1.0" encoding="UTF-8"?>
<testng-results skipped="0" failed="0" ignored="0" total="1" passed="1">
  <reporter-output>
  </reporter-output>
  <suite name="Default suite" duration-ms="17605" started-at="2020-01-13T08:48:08Z" finished-at="2020-01-13T08:48:26Z">
    <groups>
    </groups>
    <test name="Default test" duration-ms="17605" started-at="2020-01-13T08:48:08Z" finished-at="2020-01-13T08:48:26Z">
      <class name="com.claimaster.adjudication.tests.Login">
        <test-method status="PASS" signature="setup()[pri:0, instance:com.claimaster.adjudication.tests.Login@59fa1d9b]" name="setup" is-config="true" duration-ms="3918" started-at="2020-01-13T14:18:08Z" finished-at="2020-01-13T14:18:12Z">
          <reporter-output>
          </reporter-output>
        </test-method> <!-- setup -->
        <test-method status="PASS" signature="loginIntoApplication()[pri:0, instance:com.claimaster.adjudication.tests.Login@59fa1d9b]" name="loginIntoApplication" duration-ms="13647" started-at="2020-01-13T14:18:12Z" finished-at="2020-01-13T14:18:26Z">
          <reporter-output>
          </reporter-output>
        </test-method> <!-- loginIntoApplication -->
      </class> <!-- com.claimaster.adjudication.tests.Login -->
    </test> <!-- Default test -->
  </suite> <!-- Default suite -->
</testng-results>
